<?xml version="1.0" encoding="UTF-8"?>
<testsuite xmlns:xsi="http://www.w3.org/2001/XMLSchema-instance" xsi:noNamespaceSchemaLocation="https://maven.apache.org/surefire/maven-surefire-plugin/xsd/surefire-test-report-3.0.xsd" version="3.0" name="io.github.kttobug.example.SmartQueryExampleApplicationTest" time="3.883" tests="2" errors="0" skipped="0" failures="0">
  <properties>
[...]
</properties>
  <testcase name="debugEnvVars" classname="io.github.kttobug.example.SmartQueryExampleApplicationTest" time="0.507">
    <system-out><![CDATA[
  .   ____          _            __ _ _
 /\\ / ___'_ __ _ _(_)_ __  __ _ \ \ \ \
( ( )\___ | '_ | '_| | '_ \/ _` | \ \ \ \
 \\/  ___)| |_)| | | | | || (_| |  ) ) ) )
  '  |____| .__|_| |_|_| |_\__, | / / / /
 =========|_|==============|___/=/_/_/_/

 :: Spring Boot ::               (v3.3.12)

2025-07-01T18:22:12.959+08:00  INFO 26711 --- [           main] i.g.k.e.SmartQueryExampleApplicationTest : Starting SmartQueryExampleApplicationTest using Java 23.0.1 with PID 26711 (started by a1234 in /Users/a1234/allCode/self/spring-jpa-smart-query/smart-query-example)
2025-07-01T18:22:12.961+08:00  INFO 26711 --- [           main] i.g.k.e.SmartQueryExampleApplicationTest : No active profile set, falling back to 1 default profile: "default"
2025-07-01T18:22:13.272+08:00  INFO 26711 --- [           main] .s.d.r.c.RepositoryConfigurationDelegate : Bootstrapping Spring Data JPA repositories in DEFAULT mode.
2025-07-01T18:22:13.319+08:00  INFO 26711 --- [           main] .s.d.r.c.RepositoryConfigurationDelegate : Finished Spring Data repository scanning in 40 ms. Found 1 JPA repository interface.
2025-07-01T18:22:13.693+08:00  INFO 26711 --- [           main] o.hibernate.jpa.internal.util.LogHelper  : HHH000204: Processing PersistenceUnitInfo [name: default]
2025-07-01T18:22:13.749+08:00  INFO 26711 --- [           main] org.hibernate.Version                    : HHH000412: Hibernate ORM core version 6.5.3.Final
2025-07-01T18:22:13.783+08:00  INFO 26711 --- [           main] o.h.c.internal.RegionFactoryInitiator    : HHH000026: Second-level cache disabled
2025-07-01T18:22:14.107+08:00  INFO 26711 --- [           main] o.s.o.j.p.SpringPersistenceUnitInfo      : No LoadTimeWeaver setup: ignoring JPA class transformer
2025-07-01T18:22:14.135+08:00  INFO 26711 --- [           main] com.zaxxer.hikari.HikariDataSource       : HikariPool-1 - Starting...
2025-07-01T18:22:14.321+08:00  INFO 26711 --- [           main] com.zaxxer.hikari.pool.HikariPool        : HikariPool-1 - Added connection com.mysql.cj.jdbc.ConnectionImpl@111a7973
2025-07-01T18:22:14.322+08:00  INFO 26711 --- [           main] com.zaxxer.hikari.HikariDataSource       : HikariPool-1 - Start completed.
2025-07-01T18:22:14.380+08:00  WARN 26711 --- [           main] org.hibernate.orm.deprecation            : HHH90000025: MySQL8Dialect does not need to be specified explicitly using 'hibernate.dialect' (remove the property setting and it will be selected by default)
2025-07-01T18:22:14.381+08:00  WARN 26711 --- [           main] org.hibernate.orm.deprecation            : HHH90000026: MySQL8Dialect has been deprecated; use org.hibernate.dialect.MySQLDialect instead
2025-07-01T18:22:15.136+08:00  INFO 26711 --- [           main] o.h.e.t.j.p.i.JtaPlatformInitiator       : HHH000489: No JTA platform available (set 'hibernate.transaction.jta.platform' to enable JTA platform integration)
2025-07-01T18:22:15.180+08:00  INFO 26711 --- [           main] j.LocalContainerEntityManagerFactoryBean : Initialized JPA EntityManagerFactory for persistence unit 'default'
2025-07-01T18:22:15.493+08:00  INFO 26711 --- [           main] i.g.k.e.SmartQueryExampleApplicationTest : Started SmartQueryExampleApplicationTest in 2.821 seconds (process running for 3.716)
spring.datasource.url = jdbc:mysql://localhost:3306/polished_db?useSSL=false&serverTimezone=UTC&characterEncoding=utf8&allowPublicKeyRetrieval=true
]]></system-out>
    <system-err><![CDATA[WARNING: A Java agent has been loaded dynamically (/Users/a1234/.m2/repository/net/bytebuddy/byte-buddy-agent/1.14.12/byte-buddy-agent-1.14.12.jar)
WARNING: If a serviceability tool is in use, please run with -XX:+EnableDynamicAgentLoading to hide this warning
WARNING: If a serviceability tool is not in use, please run with -Djdk.instrument.traceUsage for more information
WARNING: Dynamic loading of agents will be disallowed by default in a future release
]]></system-err>
  </testcase>
  <testcase name="testLambdaQuery" classname="io.github.kttobug.example.SmartQueryExampleApplicationTest" time="0.201">
    <system-out><![CDATA[Hibernate: 
    select
        u1_0.id,
        u1_0.status,
        u1_0.username 
    from
        user u1_0 
    where
        u1_0.id=?
Hibernate: 
    insert 
    into
        user
        (status, username, id) 
    values
        (?, ?, ?)
Hibernate: 
    select
        u1_0.id,
        u1_0.status,
        u1_0.username 
    from
        user u1_0 
    where
        u1_0.status=? 
        and u1_0.username=?
111
io.github.kttobug.example.entity.User@68722de3
1
222
]]></system-out>
  </testcase>
</testsuite>